{
  "stats": {
    "suites": 1,
    "tests": 7,
    "passes": 4,
    "pending": 0,
    "failures": 3,
    "start": "2025-11-20T01:36:39.275Z",
    "end": "2025-11-20T01:37:17.646Z",
    "duration": 38371,
    "testsRegistered": 7,
    "passPercent": 57.14285714285714,
    "pendingPercent": 0,
    "other": 0,
    "hasOther": false,
    "skipped": 0,
    "hasSkipped": false
  },
  "results": [
    {
      "uuid": "151364e0-8f12-44c0-bdff-7325a7e5b4ee",
      "title": "",
      "fullFile": "cypress\\e2e\\login.cy.js",
      "file": "cypress\\e2e\\login.cy.js",
      "beforeHooks": [],
      "afterHooks": [],
      "tests": [],
      "suites": [
        {
          "uuid": "99466340-e00d-4041-9a87-feb2c15b131d",
          "title": "Login Functionality",
          "fullFile": "",
          "file": "",
          "beforeHooks": [],
          "afterHooks": [],
          "tests": [
            {
              "title": "should display login form",
              "fullTitle": "Login Functionality should display login form",
              "timedOut": null,
              "duration": 7759,
              "state": "passed",
              "speed": "medium",
              "pass": true,
              "fail": false,
              "pending": false,
              "context": null,
              "code": "// Verificar que los elementos del formulario estén presentes\ncy.get('#email').should('be.visible');\ncy.get('#password').should('be.visible');\ncy.get('button[type=\"submit\"]').should('be.visible');\ncy.contains('Iniciar Sesión').should('be.visible');",
              "err": {},
              "uuid": "14ee0a4b-1d8b-4117-afad-bcb6991cd181",
              "parentUUID": "99466340-e00d-4041-9a87-feb2c15b131d",
              "isHook": false,
              "skipped": false
            },
            {
              "title": "should show error for invalid credentials",
              "fullTitle": "Login Functionality should show error for invalid credentials",
              "timedOut": null,
              "duration": 3425,
              "state": "passed",
              "speed": "fast",
              "pass": true,
              "fail": false,
              "pending": false,
              "context": null,
              "code": "// Intentar login con credenciales inválidas\ncy.get('#email').type('invalid@email.com');\ncy.get('#password').type('wrongpassword');\ncy.get('button[type=\"submit\"]').click();\n// Verificar que se muestre un mensaje de error\ncy.get('.alert-danger').should('be.visible');",
              "err": {},
              "uuid": "2150497a-3d75-4517-b72a-58122dbd58b3",
              "parentUUID": "99466340-e00d-4041-9a87-feb2c15b131d",
              "isHook": false,
              "skipped": false
            },
            {
              "title": "should show validation errors for empty fields",
              "fullTitle": "Login Functionality should show validation errors for empty fields",
              "timedOut": null,
              "duration": 1356,
              "state": "passed",
              "speed": "fast",
              "pass": true,
              "fail": false,
              "pending": false,
              "context": null,
              "code": "// Intentar enviar formulario vacío\ncy.get('button[type=\"submit\"]').click();\n// Los campos requeridos deberían mostrar validación del navegador\ncy.get('#email:invalid').should('exist');\ncy.get('#password:invalid').should('exist');",
              "err": {},
              "uuid": "90dd5abc-8fb9-4950-aa92-20cc3426c52f",
              "parentUUID": "99466340-e00d-4041-9a87-feb2c15b131d",
              "isHook": false,
              "skipped": false
            },
            {
              "title": "should redirect to register page",
              "fullTitle": "Login Functionality should redirect to register page",
              "timedOut": null,
              "duration": 2398,
              "state": "passed",
              "speed": "fast",
              "pass": true,
              "fail": false,
              "pending": false,
              "context": null,
              "code": "// Hacer clic en el enlace de registro\ncy.contains('Regístrate aquí').click();\n// Verificar que se redirija a la página de registro\ncy.url().should('include', '/register');",
              "err": {},
              "uuid": "9a232613-44b4-4b9c-abac-caf410559de4",
              "parentUUID": "99466340-e00d-4041-9a87-feb2c15b131d",
              "isHook": false,
              "skipped": false
            },
            {
              "title": "should login successfully with valid credentials",
              "fullTitle": "Login Functionality should login successfully with valid credentials",
              "timedOut": null,
              "duration": 9332,
              "state": "failed",
              "speed": null,
              "pass": false,
              "fail": true,
              "pending": false,
              "context": null,
              "code": "performSuccessfulLogin(testCredentials);\nassertNavbarForUser(testCredentials.email);\n// Cerrar sesión para no afectar las siguientes pruebas\ncy.get('[data-cy=\"logout-btn\"]').click();\ncy.url({\n  timeout: 10000\n}).should('include', '/login');",
              "err": {
                "message": "CypressError: Timed out retrying after 4050ms: `cy.click()` failed because this element:\n\n`<button data-v-c3ceb15a=\"\" class=\"logout-btn\" data-cy=\"logout-btn\">...</button>`\n\nis being covered by another element:\n\n`<div id=\"BootstrapVueNext__ID__v-0__modal___\" class=\"modal fade show stack-position-0 stack-inverse-position-0\" role=\"dialog\" aria-labelledby=\"BootstrapVueNext__ID__v-0__modal___-label\" aria-describedby=\"BootstrapVueNext__ID__v-0__modal___-body\" tabindex=\"-1\" style=\"z-index: 1053; --b-position: 0; --b-inverse-position: 0; --b-count: 1; display: block;\">...</div>`\n\nFix this problem, or use {force: true} to disable error checking.\n\nhttps://on.cypress.io/element-cannot-be-interacted-with",
                "estack": "CypressError: Timed out retrying after 4050ms: `cy.click()` failed because this element:\n\n`<button data-v-c3ceb15a=\"\" class=\"logout-btn\" data-cy=\"logout-btn\">...</button>`\n\nis being covered by another element:\n\n`<div id=\"BootstrapVueNext__ID__v-0__modal___\" class=\"modal fade show stack-position-0 stack-inverse-position-0\" role=\"dialog\" aria-labelledby=\"BootstrapVueNext__ID__v-0__modal___-label\" aria-describedby=\"BootstrapVueNext__ID__v-0__modal___-body\" tabindex=\"-1\" style=\"z-index: 1053; --b-position: 0; --b-inverse-position: 0; --b-count: 1; display: block;\">...</div>`\n\nFix this problem, or use {force: true} to disable error checking.\n\nhttps://on.cypress.io/element-cannot-be-interacted-with\n    at ensureIsDescendent (http://localhost:5173/__cypress/runner/cypress_runner.js:114445:68)\n    at ensureDescendents (http://localhost:5173/__cypress/runner/cypress_runner.js:114496:5)\n    at ensureDescendentsAndScroll (http://localhost:5173/__cypress/runner/cypress_runner.js:114502:14)\n    at ensureElIsNotCovered (http://localhost:5173/__cypress/runner/cypress_runner.js:114633:5)\n    at runAllChecks (http://localhost:5173/__cypress/runner/cypress_runner.js:114832:52)\n    at retryActionability (http://localhost:5173/__cypress/runner/cypress_runner.js:114869:16)\n    at tryCatcher (http://localhost:5173/__cypress/runner/cypress_runner.js:1777:23)\n    at Promise.attempt.Promise.try (http://localhost:5173/__cypress/runner/cypress_runner.js:4285:29)\n    at whenStable (http://localhost:5173/__cypress/runner/cypress_runner.js:151159:68)\n    at <unknown> (http://localhost:5173/__cypress/runner/cypress_runner.js:151100:14)\n    at tryCatcher (http://localhost:5173/__cypress/runner/cypress_runner.js:1777:23)\n    at Promise._settlePromiseFromHandler (http://localhost:5173/__cypress/runner/cypress_runner.js:1489:31)\n    at Promise._settlePromise (http://localhost:5173/__cypress/runner/cypress_runner.js:1546:18)\n    at Promise._settlePromise0 (http://localhost:5173/__cypress/runner/cypress_runner.js:1591:10)\n    at Promise._settlePromises (http://localhost:5173/__cypress/runner/cypress_runner.js:1671:18)\n    at Promise._fulfill (http://localhost:5173/__cypress/runner/cypress_runner.js:1615:18)\n    at <unknown> (http://localhost:5173/__cypress/runner/cypress_runner.js:5420:46)",
                "diff": null
              },
              "uuid": "aecf758a-d9f4-4cd6-bc1e-4f046d63f45b",
              "parentUUID": "99466340-e00d-4041-9a87-feb2c15b131d",
              "isHook": false,
              "skipped": false
            },
            {
              "title": "should maintain session after page reload",
              "fullTitle": "Login Functionality should maintain session after page reload",
              "timedOut": null,
              "duration": 6675,
              "state": "failed",
              "speed": null,
              "pass": false,
              "fail": true,
              "pending": false,
              "context": null,
              "code": "performSuccessfulLogin(testCredentials);\ncy.reload();\nassertNavbarForUser(testCredentials.email);\ncy.get('[data-cy=\"logout-btn\"]').click();\ncy.url({\n  timeout: 10000\n}).should('include', '/login');",
              "err": {
                "message": "AssertionError: Timed out retrying after 4000ms: Expected to find element: `#email`, but never found it.",
                "estack": "AssertionError: Timed out retrying after 4000ms: Expected to find element: `#email`, but never found it.\n    at Context.eval (webpack://vue-firebase/./cypress/support/commands.js:19:5)\n    at wrapped (http://localhost:5173/__cypress/runner/cypress_runner.js:145481:43)",
                "diff": null
              },
              "uuid": "162f26af-7594-4fc2-91e0-b921d919ccc2",
              "parentUUID": "99466340-e00d-4041-9a87-feb2c15b131d",
              "isHook": false,
              "skipped": false
            },
            {
              "title": "should logout successfully",
              "fullTitle": "Login Functionality should logout successfully",
              "timedOut": null,
              "duration": 6347,
              "state": "failed",
              "speed": null,
              "pass": false,
              "fail": true,
              "pending": false,
              "context": null,
              "code": "performSuccessfulLogin(testCredentials);\ncy.get('[data-cy=\"logout-btn\"]').click();\ncy.url({\n  timeout: 10000\n}).should('include', '/login');",
              "err": {
                "message": "AssertionError: Timed out retrying after 4000ms: Expected to find element: `#email`, but never found it.",
                "estack": "AssertionError: Timed out retrying after 4000ms: Expected to find element: `#email`, but never found it.\n    at Context.eval (webpack://vue-firebase/./cypress/support/commands.js:19:5)\n    at wrapped (http://localhost:5173/__cypress/runner/cypress_runner.js:145481:43)",
                "diff": null
              },
              "uuid": "3a5b1d40-8f00-470b-8d2a-6090ff35cd57",
              "parentUUID": "99466340-e00d-4041-9a87-feb2c15b131d",
              "isHook": false,
              "skipped": false
            }
          ],
          "suites": [],
          "passes": [
            "14ee0a4b-1d8b-4117-afad-bcb6991cd181",
            "2150497a-3d75-4517-b72a-58122dbd58b3",
            "90dd5abc-8fb9-4950-aa92-20cc3426c52f",
            "9a232613-44b4-4b9c-abac-caf410559de4"
          ],
          "failures": [
            "aecf758a-d9f4-4cd6-bc1e-4f046d63f45b",
            "162f26af-7594-4fc2-91e0-b921d919ccc2",
            "3a5b1d40-8f00-470b-8d2a-6090ff35cd57"
          ],
          "pending": [],
          "skipped": [],
          "duration": 37292,
          "root": false,
          "rootEmpty": false,
          "_timeout": 2000
        }
      ],
      "passes": [],
      "failures": [],
      "pending": [],
      "skipped": [],
      "duration": 0,
      "root": true,
      "rootEmpty": true,
      "_timeout": 2000
    }
  ],
  "meta": {
    "mocha": {
      "version": "7.2.0"
    },
    "mochawesome": {
      "options": {
        "quiet": false,
        "reportFilename": "mochawesome",
        "saveHtml": true,
        "saveJson": true,
        "consoleReporter": "spec",
        "useInlineDiffs": false,
        "code": true
      },
      "version": "7.1.4"
    },
    "marge": {
      "options": {
        "reportDir": "cypress/reports",
        "overwrite": false,
        "html": true,
        "json": true,
        "timestamp": "mmddyyyy_HHMMss"
      },
      "version": "6.3.0"
    }
  }
}