{
  "stats": {
    "suites": 1,
    "tests": 4,
    "passes": 4,
    "pending": 0,
    "failures": 0,
    "start": "2025-11-20T01:56:51.809Z",
    "end": "2025-11-20T01:58:21.547Z",
    "duration": 89738,
    "testsRegistered": 4,
    "passPercent": 100,
    "pendingPercent": 0,
    "other": 0,
    "hasOther": false,
    "skipped": 0,
    "hasSkipped": false
  },
  "results": [
    {
      "uuid": "6ee114f2-7a29-4d5b-af8f-0fc7f359e839",
      "title": "",
      "fullFile": "cypress\\e2e\\delete-course.cy.js",
      "file": "cypress\\e2e\\delete-course.cy.js",
      "beforeHooks": [],
      "afterHooks": [],
      "tests": [],
      "suites": [
        {
          "uuid": "eb2fac5c-434f-4dd9-aa7f-9e22500cb03f",
          "title": "Delete Course Functionality",
          "fullFile": "",
          "file": "",
          "beforeHooks": [],
          "afterHooks": [],
          "tests": [
            {
              "title": "should display a newly created course in the admin table",
              "fullTitle": "Delete Course Functionality should display a newly created course in the admin table",
              "timedOut": null,
              "duration": 30301,
              "state": "passed",
              "speed": "slow",
              "pass": true,
              "fail": false,
              "pending": false,
              "context": null,
              "code": "const course = generateCourseData();\ncreateCourseViaUI(course);\ncy.contains('td', course.codigo).should('be.visible');\n// Limpieza\nopenDeleteModalForCourse(course.nombre);\nconfirmDeleteForCourse(course);",
              "err": {},
              "uuid": "703cae5f-c639-4a3e-b510-712c82acb13b",
              "parentUUID": "eb2fac5c-434f-4dd9-aa7f-9e22500cb03f",
              "isHook": false,
              "skipped": false
            },
            {
              "title": "should show delete confirmation modal with course details",
              "fullTitle": "Delete Course Functionality should show delete confirmation modal with course details",
              "timedOut": null,
              "duration": 25958,
              "state": "passed",
              "speed": "slow",
              "pass": true,
              "fail": false,
              "pending": false,
              "context": null,
              "code": "const course = generateCourseData();\ncreateCourseViaUI(course);\nopenDeleteModalForCourse(course.nombre);\ncy.contains('¿Realmente deseas eliminar').should('be.visible');\ncy.contains(course.nombre).should('be.visible');\ncy.get('[data-cy=\"cancel-delete-btn\"]').should('be.visible');\ncy.get('[data-cy=\"confirm-delete-btn\"]').should('be.visible');\ncancelDeleteModal();\n// Limpieza\nopenDeleteModalForCourse(course.nombre);\nconfirmDeleteForCourse(course);",
              "err": {},
              "uuid": "9fecfb33-4892-4154-a87f-3a13c7312aac",
              "parentUUID": "eb2fac5c-434f-4dd9-aa7f-9e22500cb03f",
              "isHook": false,
              "skipped": false
            },
            {
              "title": "should keep the course when the user cancels the deletion",
              "fullTitle": "Delete Course Functionality should keep the course when the user cancels the deletion",
              "timedOut": null,
              "duration": 13172,
              "state": "passed",
              "speed": "slow",
              "pass": true,
              "fail": false,
              "pending": false,
              "context": null,
              "code": "const course = generateCourseData();\ncreateCourseViaUI(course);\nopenDeleteModalForCourse(course.nombre);\ncancelDeleteModal();\ncy.contains('tr', course.nombre).should('exist');\n// Limpieza final\nopenDeleteModalForCourse(course.nombre);\nconfirmDeleteForCourse(course);",
              "err": {},
              "uuid": "5317aca4-0d0e-400b-8a78-18ce51b00ee5",
              "parentUUID": "eb2fac5c-434f-4dd9-aa7f-9e22500cb03f",
              "isHook": false,
              "skipped": false
            },
            {
              "title": "should delete the course after confirming the modal",
              "fullTitle": "Delete Course Functionality should delete the course after confirming the modal",
              "timedOut": null,
              "duration": 15652,
              "state": "passed",
              "speed": "slow",
              "pass": true,
              "fail": false,
              "pending": false,
              "context": null,
              "code": "const course = generateCourseData();\ncreateCourseViaUI(course);\nopenDeleteModalForCourse(course.nombre);\nconfirmDeleteForCourse(course);",
              "err": {},
              "uuid": "9cb2b6c1-e219-4383-89f0-912bc4886c35",
              "parentUUID": "eb2fac5c-434f-4dd9-aa7f-9e22500cb03f",
              "isHook": false,
              "skipped": false
            }
          ],
          "suites": [],
          "passes": [
            "703cae5f-c639-4a3e-b510-712c82acb13b",
            "9fecfb33-4892-4154-a87f-3a13c7312aac",
            "5317aca4-0d0e-400b-8a78-18ce51b00ee5",
            "9cb2b6c1-e219-4383-89f0-912bc4886c35"
          ],
          "failures": [],
          "pending": [],
          "skipped": [],
          "duration": 85083,
          "root": false,
          "rootEmpty": false,
          "_timeout": 2000
        }
      ],
      "passes": [],
      "failures": [],
      "pending": [],
      "skipped": [],
      "duration": 0,
      "root": true,
      "rootEmpty": true,
      "_timeout": 2000
    }
  ],
  "meta": {
    "mocha": {
      "version": "7.2.0"
    },
    "mochawesome": {
      "options": {
        "quiet": false,
        "reportFilename": "mochawesome",
        "saveHtml": true,
        "saveJson": true,
        "consoleReporter": "spec",
        "useInlineDiffs": false,
        "code": true
      },
      "version": "7.1.4"
    },
    "marge": {
      "options": {
        "reportDir": "cypress/reports",
        "overwrite": false,
        "html": true,
        "json": true,
        "timestamp": "mmddyyyy_HHMMss"
      },
      "version": "6.3.0"
    }
  }
}